<?xml version="1.0" encoding="UTF-8"?>
<!-- Generated by org.testng.reporters.JUnitReportReporter -->
<testsuite hostname="6410-PC" failures="0" tests="1" name="apitesting.CRUD" time="4.550" errors="0" timestamp="2023-06-01T14:26:09 PKT" skipped="0">
  <testcase classname="apitesting.CRUD" name="getResponseBody" time="4.550"/>
  <system-out/>
</testsuite> <!-- apitesting.CRUD -->
