<?xml version="1.0" encoding="UTF-8"?>
<!-- Generated by org.testng.reporters.JUnitReportReporter -->
<testsuite hostname="6410-PC" failures="0" tests="1" name="apitesting.CRUD" time="6.020" errors="0" timestamp="2023-05-31T22:22:13 PKT" skipped="0">
  <testcase classname="apitesting.CRUD" name="getResponseBody" time="6.020"/>
  <system-out/>
</testsuite> <!-- apitesting.CRUD -->
